<?xml version="1.0" encoding="UTF-8"?>
<!-- Generated by org.testng.reporters.JUnitReportReporter -->
<testsuite skipped="0" hostname="DESKTOP-FS13OME" name="com.testNG_Features.Expected_Exception" tests="1" failures="0" timestamp="2021-09-22T17:37:57 IST" time="0.001" errors="0">
  <testcase name="getUrl" time="0.001" classname="com.testNG_Features.Expected_Exception"/>
  <system-out/>
</testsuite> <!-- com.testNG_Features.Expected_Exception -->
