<?xml version="1.0" encoding="UTF-8"?>
<!-- Generated by org.testng.reporters.JUnitReportReporter -->
<testsuite skipped="0" hostname="DESKTOP-FS13OME" name="com.testNG_Features.Data_Provider_Test" tests="3" failures="0" timestamp="2021-09-22T17:37:57 IST" time="0.013" errors="0">
  <testcase name="signIn" time="0.003" classname="com.testNG_Features.Data_Provider_Test"/>
  <system-out/>
  <testcase name="signIn" time="0.006" classname="com.testNG_Features.Data_Provider_Test"/>
  <system-out/>
  <testcase name="signIn" time="0.004" classname="com.testNG_Features.Data_Provider_Test"/>
  <system-out/>
</testsuite> <!-- com.testNG_Features.Data_Provider_Test -->
