<?xml version="1.0" encoding="UTF-8"?>
<!-- Generated by org.testng.reporters.JUnitReportReporter -->
<testsuite skipped="0" hostname="DESKTOP-FS13OME" name="com.testNG_Features.Ignore_Test" tests="2" failures="0" timestamp="2021-09-22T17:37:57 IST" time="0.019" errors="0">
  <testcase name="cars" time="0.010" classname="com.testNG_Features.Ignore_Test"/>
  <system-out/>
  <testcase name="bikes" time="0.009" classname="com.testNG_Features.Ignore_Test"/>
  <system-out/>
</testsuite> <!-- com.testNG_Features.Ignore_Test -->
