<?xml version="1.0" encoding="UTF-8"?>
<!-- Generated by org.testng.reporters.JUnitReportReporter -->
<testsuite skipped="0" hostname="DESKTOP-FS13OME" name="com.testNG_Features.Invocation_Count" tests="4" failures="0" timestamp="2021-09-22T17:37:57 IST" time="0.034" errors="0">
  <testcase name="iterator" time="0.005" classname="com.testNG_Features.Invocation_Count"/>
  <system-out/>
  <testcase name="iterator" time="0.018" classname="com.testNG_Features.Invocation_Count"/>
  <system-out/>
  <testcase name="iterator" time="0.009" classname="com.testNG_Features.Invocation_Count"/>
  <system-out/>
  <testcase name="iterator" time="0.002" classname="com.testNG_Features.Invocation_Count"/>
  <system-out/>
</testsuite> <!-- com.testNG_Features.Invocation_Count -->
