<?xml version="1.0" encoding="UTF-8"?>
<!-- Generated by org.testng.reporters.JUnitReportReporter -->
<testsuite skipped="0" hostname="DESKTOP-FS13OME" name="com.testNG_Features.Priority_Test" tests="5" failures="0" timestamp="2021-09-22T17:37:57 IST" time="0.017" errors="0">
  <testcase name="login" time="0.003" classname="com.testNG_Features.Priority_Test"/>
  <system-out/>
  <testcase name="search" time="0.007" classname="com.testNG_Features.Priority_Test"/>
  <system-out/>
  <testcase name="addProduct" time="0.002" classname="com.testNG_Features.Priority_Test"/>
  <system-out/>
  <testcase name="address" time="0.003" classname="com.testNG_Features.Priority_Test"/>
  <system-out/>
  <testcase name="payment" time="0.002" classname="com.testNG_Features.Priority_Test"/>
  <system-out/>
</testsuite> <!-- com.testNG_Features.Priority_Test -->
