<?xml version="1.0" encoding="UTF-8"?>
<!-- Generated by org.testng.reporters.JUnitReportReporter -->
<testsuite skipped="0" hostname="DESKTOP-FS13OME" name="com.testNG_Features.Grouping_Test" tests="6" failures="0" timestamp="2021-09-22T17:37:57 IST" time="0.010" errors="0">
  <testcase name="microwave_Oven" time="0.002" classname="com.testNG_Features.Grouping_Test"/>
  <system-out/>
  <testcase name="mobiles" time="0.002" classname="com.testNG_Features.Grouping_Test"/>
  <system-out/>
  <testcase name="wynk" time="0.001" classname="com.testNG_Features.Grouping_Test"/>
  <system-out/>
  <testcase name="laptops" time="0.002" classname="com.testNG_Features.Grouping_Test"/>
  <system-out/>
  <testcase name="washing_Machines" time="0.001" classname="com.testNG_Features.Grouping_Test"/>
  <system-out/>
  <testcase name="gaana" time="0.002" classname="com.testNG_Features.Grouping_Test"/>
  <system-out/>
</testsuite> <!-- com.testNG_Features.Grouping_Test -->
